<?xml version="1.0" encoding="UTF-8"?>
<testsuites>
  <testsuite name="" tests="3" assertions="4" errors="0" warnings="0" failures="0" skipped="0" time="0.038889">
    <testsuite name="unit" tests="3" assertions="4" errors="0" warnings="0" failures="0" skipped="0" time="0.038889">
      <testsuite name="Lmc\TwigComponentsBundle\DependencyInjection\ConfigurationTest" file="/Users/janicekt/git/twig-components-bundle/tests/DependencyInjection/ConfigurationTest.php" tests="1" assertions="1" errors="0" warnings="0" failures="0" skipped="0" time="0.009025">
        <testcase name="testConfigurationDefinition" class="Lmc\TwigComponentsBundle\DependencyInjection\ConfigurationTest" classname="Lmc.TwigComponentsBundle.DependencyInjection.ConfigurationTest" file="/Users/janicekt/git/twig-components-bundle/tests/DependencyInjection/ConfigurationTest.php" line="10" assertions="1" time="0.009025"/>
      </testsuite>
      <testsuite name="Lmc\TwigComponentsBundle\DependencyInjection\TwigComponentsExtensionTest" file="/Users/janicekt/git/twig-components-bundle/tests/DependencyInjection/TwigComponentsExtensionTest.php" tests="1" assertions="2" errors="0" warnings="0" failures="0" skipped="0" time="0.011257">
        <testcase name="testShouldRegisterParameters" class="Lmc\TwigComponentsBundle\DependencyInjection\TwigComponentsExtensionTest" classname="Lmc.TwigComponentsBundle.DependencyInjection.TwigComponentsExtensionTest" file="/Users/janicekt/git/twig-components-bundle/tests/DependencyInjection/TwigComponentsExtensionTest.php" line="38" assertions="2" time="0.011257"/>
      </testsuite>
      <testsuite name="Lmc\TwigComponentsBundle\Factory\TwigFactoryTest" file="/Users/janicekt/git/twig-components-bundle/tests/Factory/TwigFactoryTest.php" tests="1" assertions="1" errors="0" warnings="0" failures="0" skipped="0" time="0.018606">
        <testcase name="testShouldCreate" class="Lmc\TwigComponentsBundle\Factory\TwigFactoryTest" classname="Lmc.TwigComponentsBundle.Factory.TwigFactoryTest" file="/Users/janicekt/git/twig-components-bundle/tests/Factory/TwigFactoryTest.php" line="12" assertions="1" time="0.018606"/>
      </testsuite>
    </testsuite>
  </testsuite>
</testsuites>
